<?xml version="1.0" encoding="UTF-8"?>
<!-- Generated by org.testng.reporters.JUnitXMLReporter -->
<testsuite hostname="Basu-PC" name="Test" tests="1" failures="1" timestamp="21 Dec 2018 17:47:08 GMT" time="41.216" errors="0">
  <testcase name="loginTest" time="28.167" classname="testCases.TC_LoginTest_001">
    <failure type="java.lang.AssertionError" message="expected [true] but found [false]">
      <![CDATA[java.lang.AssertionError: expected [true] but found [false]
	at testCases.TC_LoginTest_001.loginTest(TC_LoginTest_001.java:32)
... Removed 28 stack frames]]>
    </failure>
  </testcase> <!-- loginTest -->
</testsuite> <!-- Test -->
